<?xml version="1.0" encoding="UTF-8"?>
<testng-results skipped="0" failed="0" ignored="0" total="10" passed="10">
  <reporter-output>
  </reporter-output>
  <suite name="Suite" duration-ms="209264" started-at="2021-11-18T12:46:58Z" finished-at="2021-11-18T12:50:27Z">
    <groups>
    </groups>
    <test name="Test" duration-ms="209264" started-at="2021-11-18T12:46:58Z" finished-at="2021-11-18T12:50:27Z">
      <class name="com.mindtree.runner.BigSmallApplication">
        <test-method status="PASS" signature="startup()[pri:0, instance:com.mindtree.runner.BigSmallApplication@6dbb137d]" name="startup" is-config="true" duration-ms="72" started-at="2021-11-18T12:46:58Z" finished-at="2021-11-18T12:46:58Z">
          <reporter-output>
          </reporter-output>
        </test-method> <!-- startup -->
        <test-method status="PASS" signature="beforeClass()[pri:0, instance:com.mindtree.runner.BigSmallApplication@6dbb137d]" name="beforeClass" is-config="true" duration-ms="3820" started-at="2021-11-18T12:46:58Z" finished-at="2021-11-18T12:47:02Z">
          <reporter-output>
          </reporter-output>
        </test-method> <!-- beforeClass -->
        <test-method status="PASS" signature="createAccount()[pri:1, instance:com.mindtree.runner.BigSmallApplication@6dbb137d]" name="createAccount" duration-ms="24705" started-at="2021-11-18T12:47:02Z" finished-at="2021-11-18T12:47:27Z">
          <reporter-output>
          </reporter-output>
        </test-method> <!-- createAccount -->
        <test-method status="PASS" signature="signIN()[pri:2, instance:com.mindtree.runner.BigSmallApplication@6dbb137d]" name="signIN" duration-ms="15015" started-at="2021-11-18T12:47:27Z" finished-at="2021-11-18T12:47:42Z">
          <reporter-output>
          </reporter-output>
        </test-method> <!-- signIN -->
        <test-method status="PASS" signature="codAvailability()[pri:3, instance:com.mindtree.runner.BigSmallApplication@6dbb137d]" name="codAvailability" duration-ms="17201" started-at="2021-11-18T12:47:42Z" finished-at="2021-11-18T12:47:59Z">
          <reporter-output>
          </reporter-output>
        </test-method> <!-- codAvailability -->
        <test-method status="PASS" signature="shopbycateg()[pri:4, instance:com.mindtree.runner.BigSmallApplication@6dbb137d]" name="shopbycateg" duration-ms="24480" started-at="2021-11-18T12:47:59Z" finished-at="2021-11-18T12:48:23Z">
          <reporter-output>
          </reporter-output>
        </test-method> <!-- shopbycateg -->
        <test-method status="PASS" signature="Giftcard()[pri:5, instance:com.mindtree.runner.BigSmallApplication@6dbb137d]" name="Giftcard" duration-ms="28102" started-at="2021-11-18T12:48:23Z" finished-at="2021-11-18T12:48:51Z">
          <reporter-output>
          </reporter-output>
        </test-method> <!-- Giftcard -->
        <test-method status="PASS" signature="addingproducttocart()[pri:6, instance:com.mindtree.runner.BigSmallApplication@6dbb137d]" name="addingproducttocart" duration-ms="18891" started-at="2021-11-18T12:48:51Z" finished-at="2021-11-18T12:49:10Z">
          <reporter-output>
          </reporter-output>
        </test-method> <!-- addingproducttocart -->
        <test-method status="PASS" signature="Searchproduct()[pri:7, instance:com.mindtree.runner.BigSmallApplication@6dbb137d]" name="Searchproduct" duration-ms="26008" started-at="2021-11-18T12:49:10Z" finished-at="2021-11-18T12:49:36Z">
          <reporter-output>
          </reporter-output>
        </test-method> <!-- Searchproduct -->
        <test-method status="PASS" signature="validateWhatsnewPage()[pri:8, instance:com.mindtree.runner.BigSmallApplication@6dbb137d]" name="validateWhatsnewPage" duration-ms="17201" started-at="2021-11-18T12:49:36Z" finished-at="2021-11-18T12:49:54Z">
          <reporter-output>
          </reporter-output>
        </test-method> <!-- validateWhatsnewPage -->
        <test-method status="PASS" signature="GiftsPage()[pri:9, instance:com.mindtree.runner.BigSmallApplication@6dbb137d]" name="GiftsPage" duration-ms="10329" started-at="2021-11-18T12:49:54Z" finished-at="2021-11-18T12:50:04Z">
          <reporter-output>
          </reporter-output>
        </test-method> <!-- GiftsPage -->
        <test-method status="PASS" signature="PersonalisedGiftsPage()[pri:10, instance:com.mindtree.runner.BigSmallApplication@6dbb137d]" name="PersonalisedGiftsPage" duration-ms="22393" started-at="2021-11-18T12:50:04Z" finished-at="2021-11-18T12:50:26Z">
          <reporter-output>
          </reporter-output>
        </test-method> <!-- PersonalisedGiftsPage -->
        <test-method status="PASS" signature="classTeardown()[pri:0, instance:com.mindtree.runner.BigSmallApplication@6dbb137d]" name="classTeardown" is-config="true" duration-ms="1035" started-at="2021-11-18T12:50:26Z" finished-at="2021-11-18T12:50:27Z">
          <reporter-output>
          </reporter-output>
        </test-method> <!-- classTeardown -->
      </class> <!-- com.mindtree.runner.BigSmallApplication -->
    </test> <!-- Test -->
  </suite> <!-- Suite -->
</testng-results>
